node_modules/@types/jest/node_modules/jest-mock/build/index.d.ts(8,21): error TS2726: Cannot find lib definition for 'esnext.disposable'.
node_modules/@types/jest/node_modules/jest-mock/build/index.d.ts(164,11): error TS2304: Cannot find name 'Disposable'.
src/components/ApplicationDetails/ApplicationDetails.tsx(1,8): error TS1259: Module '"C:/Users/melvi/Documents/GitHub/localcbms/frontend/node_modules/@types/react/ts5.0/index"' can only be default-imported using the 'esModuleInterop' flag
src/components/ApplicationDetails/ApplicationDetails.tsx(9,31): error TS6142: Module '../../modals/MoveToJoModal' was resolved to 'C:/Users/melvi/Documents/GitHub/localcbms/frontend/src/modals/MoveToJoModal.tsx', but '--jsx' is not set.
src/components/ApplicationDetails/ApplicationDetails.tsx(10,31): error TS6142: Module '../../modals/JOAssignFormModal' was resolved to 'C:/Users/melvi/Documents/GitHub/localcbms/frontend/src/modals/JOAssignFormModal.tsx', but '--jsx' is not set.
src/components/ApplicationDetails/ApplicationDetails.tsx(11,39): error TS6142: Module '../../modals/ApplicationVisitFormModal' was resolved to 'C:/Users/melvi/Documents/GitHub/localcbms/frontend/src/modals/ApplicationVisitFormModal.tsx', but '--jsx' is not set.
src/components/ApplicationDetails/ApplicationDetails.tsx(17,49): error TS6142: Module '../PlanListDetails' was resolved to 'C:/Users/melvi/Documents/GitHub/localcbms/frontend/src/components/PlanListDetails.tsx', but '--jsx' is not set.
src/components/ApplicationDetails/ApplicationDetails.tsx(408,11): error TS17004: Cannot use JSX unless the '--jsx' flag is provided.
src/components/ApplicationDetails/ApplicationDetails.tsx(410,13): error TS17004: Cannot use JSX unless the '--jsx' flag is provided.
src/components/ApplicationDetails/ApplicationDetails.tsx(412,13): error TS17004: Cannot use JSX unless the '--jsx' flag is provided.
src/components/ApplicationDetails/ApplicationDetails.tsx(422,11): error TS17004: Cannot use JSX unless the '--jsx' flag is provided.
src/components/ApplicationDetails/ApplicationDetails.tsx(424,13): error TS17004: Cannot use JSX unless the '--jsx' flag is provided.
src/components/ApplicationDetails/ApplicationDetails.tsx(426,13): error TS17004: Cannot use JSX unless the '--jsx' flag is provided.
src/components/ApplicationDetails/ApplicationDetails.tsx(436,11): error TS17004: Cannot use JSX unless the '--jsx' flag is provided.
src/components/ApplicationDetails/ApplicationDetails.tsx(438,13): error TS17004: Cannot use JSX unless the '--jsx' flag is provided.
src/components/ApplicationDetails/ApplicationDetails.tsx(440,13): error TS17004: Cannot use JSX unless the '--jsx' flag is provided.
src/components/ApplicationDetails/ApplicationDetails.tsx(449,11): error TS17004: Cannot use JSX unless the '--jsx' flag is provided.
src/components/ApplicationDetails/ApplicationDetails.tsx(451,13): error TS17004: Cannot use JSX unless the '--jsx' flag is provided.
src/components/ApplicationDetails/ApplicationDetails.tsx(453,13): error TS17004: Cannot use JSX unless the '--jsx' flag is provided.
src/components/ApplicationDetails/ApplicationDetails.tsx(462,11): error TS17004: Cannot use JSX unless the '--jsx' flag is provided.
src/components/ApplicationDetails/ApplicationDetails.tsx(464,13): error TS17004: Cannot use JSX unless the '--jsx' flag is provided.
src/components/ApplicationDetails/ApplicationDetails.tsx(466,13): error TS17004: Cannot use JSX unless the '--jsx' flag is provided.
src/components/ApplicationDetails/ApplicationDetails.tsx(474,11): error TS17004: Cannot use JSX unless the '--jsx' flag is provided.
src/components/ApplicationDetails/ApplicationDetails.tsx(476,13): error TS17004: Cannot use JSX unless the '--jsx' flag is provided.
src/components/ApplicationDetails/ApplicationDetails.tsx(478,13): error TS17004: Cannot use JSX unless the '--jsx' flag is provided.
src/components/ApplicationDetails/ApplicationDetails.tsx(487,11): error TS17004: Cannot use JSX unless the '--jsx' flag is provided.
src/components/ApplicationDetails/ApplicationDetails.tsx(489,13): error TS17004: Cannot use JSX unless the '--jsx' flag is provided.
src/components/ApplicationDetails/ApplicationDetails.tsx(491,13): error TS17004: Cannot use JSX unless the '--jsx' flag is provided.
src/components/ApplicationDetails/ApplicationDetails.tsx(501,11): error TS17004: Cannot use JSX unless the '--jsx' flag is provided.
src/components/ApplicationDetails/ApplicationDetails.tsx(503,13): error TS17004: Cannot use JSX unless the '--jsx' flag is provided.
src/components/ApplicationDetails/ApplicationDetails.tsx(505,13): error TS17004: Cannot use JSX unless the '--jsx' flag is provided.
src/components/ApplicationDetails/ApplicationDetails.tsx(516,11): error TS17004: Cannot use JSX unless the '--jsx' flag is provided.
src/components/ApplicationDetails/ApplicationDetails.tsx(518,13): error TS17004: Cannot use JSX unless the '--jsx' flag is provided.
src/components/ApplicationDetails/ApplicationDetails.tsx(520,13): error TS17004: Cannot use JSX unless the '--jsx' flag is provided.
src/components/ApplicationDetails/ApplicationDetails.tsx(533,11): error TS17004: Cannot use JSX unless the '--jsx' flag is provided.
src/components/ApplicationDetails/ApplicationDetails.tsx(535,13): error TS17004: Cannot use JSX unless the '--jsx' flag is provided.
src/components/ApplicationDetails/ApplicationDetails.tsx(537,13): error TS17004: Cannot use JSX unless the '--jsx' flag is provided.
src/components/ApplicationDetails/ApplicationDetails.tsx(546,11): error TS17004: Cannot use JSX unless the '--jsx' flag is provided.
src/components/ApplicationDetails/ApplicationDetails.tsx(548,13): error TS17004: Cannot use JSX unless the '--jsx' flag is provided.
src/components/ApplicationDetails/ApplicationDetails.tsx(550,13): error TS17004: Cannot use JSX unless the '--jsx' flag is provided.
src/components/ApplicationDetails/ApplicationDetails.tsx(559,11): error TS17004: Cannot use JSX unless the '--jsx' flag is provided.
src/components/ApplicationDetails/ApplicationDetails.tsx(561,13): error TS17004: Cannot use JSX unless the '--jsx' flag is provided.
src/components/ApplicationDetails/ApplicationDetails.tsx(563,13): error TS17004: Cannot use JSX unless the '--jsx' flag is provided.
src/components/ApplicationDetails/ApplicationDetails.tsx(571,11): error TS17004: Cannot use JSX unless the '--jsx' flag is provided.
src/components/ApplicationDetails/ApplicationDetails.tsx(573,13): error TS17004: Cannot use JSX unless the '--jsx' flag is provided.
src/components/ApplicationDetails/ApplicationDetails.tsx(575,13): error TS17004: Cannot use JSX unless the '--jsx' flag is provided.
src/components/ApplicationDetails/ApplicationDetails.tsx(577,15): error TS17004: Cannot use JSX unless the '--jsx' flag is provided.
src/components/ApplicationDetails/ApplicationDetails.tsx(578,15): error TS17004: Cannot use JSX unless the '--jsx' flag is provided.
src/components/ApplicationDetails/ApplicationDetails.tsx(602,39): error TS17004: Cannot use JSX unless the '--jsx' flag is provided.
src/components/ApplicationDetails/ApplicationDetails.tsx(602,87): error TS17004: Cannot use JSX unless the '--jsx' flag is provided.
src/components/ApplicationDetails/ApplicationDetails.tsx(611,11): error TS17004: Cannot use JSX unless the '--jsx' flag is provided.
src/components/ApplicationDetails/ApplicationDetails.tsx(613,13): error TS17004: Cannot use JSX unless the '--jsx' flag is provided.
src/components/ApplicationDetails/ApplicationDetails.tsx(615,13): error TS17004: Cannot use JSX unless the '--jsx' flag is provided.
src/components/ApplicationDetails/ApplicationDetails.tsx(623,11): error TS17004: Cannot use JSX unless the '--jsx' flag is provided.
src/components/ApplicationDetails/ApplicationDetails.tsx(625,13): error TS17004: Cannot use JSX unless the '--jsx' flag is provided.
src/components/ApplicationDetails/ApplicationDetails.tsx(627,13): error TS17004: Cannot use JSX unless the '--jsx' flag is provided.
src/components/ApplicationDetails/ApplicationDetails.tsx(635,11): error TS17004: Cannot use JSX unless the '--jsx' flag is provided.
src/components/ApplicationDetails/ApplicationDetails.tsx(637,13): error TS17004: Cannot use JSX unless the '--jsx' flag is provided.
src/components/ApplicationDetails/ApplicationDetails.tsx(639,13): error TS17004: Cannot use JSX unless the '--jsx' flag is provided.
src/components/ApplicationDetails/ApplicationDetails.tsx(641,15): error TS17004: Cannot use JSX unless the '--jsx' flag is provided.
src/components/ApplicationDetails/ApplicationDetails.tsx(645,17): error TS17004: Cannot use JSX unless the '--jsx' flag is provided.
src/components/ApplicationDetails/ApplicationDetails.tsx(650,19): error TS17004: Cannot use JSX unless the '--jsx' flag is provided.
src/components/ApplicationDetails/ApplicationDetails.tsx(660,11): error TS17004: Cannot use JSX unless the '--jsx' flag is provided.
src/components/ApplicationDetails/ApplicationDetails.tsx(662,13): error TS17004: Cannot use JSX unless the '--jsx' flag is provided.
src/components/ApplicationDetails/ApplicationDetails.tsx(664,13): error TS17004: Cannot use JSX unless the '--jsx' flag is provided.
src/components/ApplicationDetails/ApplicationDetails.tsx(666,15): error TS17004: Cannot use JSX unless the '--jsx' flag is provided.
src/components/ApplicationDetails/ApplicationDetails.tsx(670,17): error TS17004: Cannot use JSX unless the '--jsx' flag is provided.
src/components/ApplicationDetails/ApplicationDetails.tsx(675,19): error TS17004: Cannot use JSX unless the '--jsx' flag is provided.
src/components/ApplicationDetails/ApplicationDetails.tsx(685,11): error TS17004: Cannot use JSX unless the '--jsx' flag is provided.
src/components/ApplicationDetails/ApplicationDetails.tsx(687,13): error TS17004: Cannot use JSX unless the '--jsx' flag is provided.
src/components/ApplicationDetails/ApplicationDetails.tsx(689,15): error TS17004: Cannot use JSX unless the '--jsx' flag is provided.
src/components/ApplicationDetails/ApplicationDetails.tsx(690,15): error TS17004: Cannot use JSX unless the '--jsx' flag is provided.
src/components/ApplicationDetails/ApplicationDetails.tsx(692,13): error TS17004: Cannot use JSX unless the '--jsx' flag is provided.
src/components/ApplicationDetails/ApplicationDetails.tsx(694,15): error TS17004: Cannot use JSX unless the '--jsx' flag is provided.
src/components/ApplicationDetails/ApplicationDetails.tsx(698,17): error TS17004: Cannot use JSX unless the '--jsx' flag is provided.
src/components/ApplicationDetails/ApplicationDetails.tsx(703,19): error TS17004: Cannot use JSX unless the '--jsx' flag is provided.
src/components/ApplicationDetails/ApplicationDetails.tsx(713,11): error TS17004: Cannot use JSX unless the '--jsx' flag is provided.
src/components/ApplicationDetails/ApplicationDetails.tsx(715,13): error TS17004: Cannot use JSX unless the '--jsx' flag is provided.
src/components/ApplicationDetails/ApplicationDetails.tsx(717,13): error TS17004: Cannot use JSX unless the '--jsx' flag is provided.
src/components/ApplicationDetails/ApplicationDetails.tsx(719,15): error TS17004: Cannot use JSX unless the '--jsx' flag is provided.
src/components/ApplicationDetails/ApplicationDetails.tsx(723,17): error TS17004: Cannot use JSX unless the '--jsx' flag is provided.
src/components/ApplicationDetails/ApplicationDetails.tsx(728,19): error TS17004: Cannot use JSX unless the '--jsx' flag is provided.
src/components/ApplicationDetails/ApplicationDetails.tsx(738,11): error TS17004: Cannot use JSX unless the '--jsx' flag is provided.
src/components/ApplicationDetails/ApplicationDetails.tsx(740,13): error TS17004: Cannot use JSX unless the '--jsx' flag is provided.
src/components/ApplicationDetails/ApplicationDetails.tsx(742,13): error TS17004: Cannot use JSX unless the '--jsx' flag is provided.
src/components/ApplicationDetails/ApplicationDetails.tsx(744,15): error TS17004: Cannot use JSX unless the '--jsx' flag is provided.
src/components/ApplicationDetails/ApplicationDetails.tsx(748,17): error TS17004: Cannot use JSX unless the '--jsx' flag is provided.
src/components/ApplicationDetails/ApplicationDetails.tsx(753,19): error TS17004: Cannot use JSX unless the '--jsx' flag is provided.
src/components/ApplicationDetails/ApplicationDetails.tsx(763,11): error TS17004: Cannot use JSX unless the '--jsx' flag is provided.
src/components/ApplicationDetails/ApplicationDetails.tsx(765,13): error TS17004: Cannot use JSX unless the '--jsx' flag is provided.
src/components/ApplicationDetails/ApplicationDetails.tsx(767,13): error TS17004: Cannot use JSX unless the '--jsx' flag is provided.
src/components/ApplicationDetails/ApplicationDetails.tsx(769,15): error TS17004: Cannot use JSX unless the '--jsx' flag is provided.
src/components/ApplicationDetails/ApplicationDetails.tsx(773,17): error TS17004: Cannot use JSX unless the '--jsx' flag is provided.
src/components/ApplicationDetails/ApplicationDetails.tsx(778,19): error TS17004: Cannot use JSX unless the '--jsx' flag is provided.
src/components/ApplicationDetails/ApplicationDetails.tsx(788,11): error TS17004: Cannot use JSX unless the '--jsx' flag is provided.
src/components/ApplicationDetails/ApplicationDetails.tsx(790,13): error TS17004: Cannot use JSX unless the '--jsx' flag is provided.
src/components/ApplicationDetails/ApplicationDetails.tsx(792,13): error TS17004: Cannot use JSX unless the '--jsx' flag is provided.
src/components/ApplicationDetails/ApplicationDetails.tsx(794,15): error TS17004: Cannot use JSX unless the '--jsx' flag is provided.
src/components/ApplicationDetails/ApplicationDetails.tsx(798,17): error TS17004: Cannot use JSX unless the '--jsx' flag is provided.
src/components/ApplicationDetails/ApplicationDetails.tsx(803,19): error TS17004: Cannot use JSX unless the '--jsx' flag is provided.
src/components/ApplicationDetails/ApplicationDetails.tsx(813,11): error TS17004: Cannot use JSX unless the '--jsx' flag is provided.
src/components/ApplicationDetails/ApplicationDetails.tsx(815,13): error TS17004: Cannot use JSX unless the '--jsx' flag is provided.
src/components/ApplicationDetails/ApplicationDetails.tsx(817,13): error TS17004: Cannot use JSX unless the '--jsx' flag is provided.
src/components/ApplicationDetails/ApplicationDetails.tsx(819,15): error TS17004: Cannot use JSX unless the '--jsx' flag is provided.
src/components/ApplicationDetails/ApplicationDetails.tsx(823,17): error TS17004: Cannot use JSX unless the '--jsx' flag is provided.
src/components/ApplicationDetails/ApplicationDetails.tsx(828,19): error TS17004: Cannot use JSX unless the '--jsx' flag is provided.
src/components/ApplicationDetails/ApplicationDetails.tsx(838,11): error TS17004: Cannot use JSX unless the '--jsx' flag is provided.
src/components/ApplicationDetails/ApplicationDetails.tsx(840,13): error TS17004: Cannot use JSX unless the '--jsx' flag is provided.
src/components/ApplicationDetails/ApplicationDetails.tsx(842,13): error TS17004: Cannot use JSX unless the '--jsx' flag is provided.
src/components/ApplicationDetails/ApplicationDetails.tsx(844,15): error TS17004: Cannot use JSX unless the '--jsx' flag is provided.
src/components/ApplicationDetails/ApplicationDetails.tsx(848,17): error TS17004: Cannot use JSX unless the '--jsx' flag is provided.
src/components/ApplicationDetails/ApplicationDetails.tsx(853,19): error TS17004: Cannot use JSX unless the '--jsx' flag is provided.
src/components/ApplicationDetails/ApplicationDetails.tsx(868,5): error TS17004: Cannot use JSX unless the '--jsx' flag is provided.
src/components/ApplicationDetails/ApplicationDetails.tsx(873,9): error TS17004: Cannot use JSX unless the '--jsx' flag is provided.
src/components/ApplicationDetails/ApplicationDetails.tsx(874,11): error TS17004: Cannot use JSX unless the '--jsx' flag is provided.
src/components/ApplicationDetails/ApplicationDetails.tsx(875,13): error TS17004: Cannot use JSX unless the '--jsx' flag is provided.
src/components/ApplicationDetails/ApplicationDetails.tsx(876,15): error TS17004: Cannot use JSX unless the '--jsx' flag is provided.
src/components/ApplicationDetails/ApplicationDetails.tsx(877,17): error TS17004: Cannot use JSX unless the '--jsx' flag is provided.
src/components/ApplicationDetails/ApplicationDetails.tsx(878,17): error TS17004: Cannot use JSX unless the '--jsx' flag is provided.
src/components/ApplicationDetails/ApplicationDetails.tsx(882,13): error TS17004: Cannot use JSX unless the '--jsx' flag is provided.
src/components/ApplicationDetails/ApplicationDetails.tsx(892,7): error TS17004: Cannot use JSX unless the '--jsx' flag is provided.
src/components/ApplicationDetails/ApplicationDetails.tsx(893,9): error TS17004: Cannot use JSX unless the '--jsx' flag is provided.
src/components/ApplicationDetails/ApplicationDetails.tsx(899,7): error TS17004: Cannot use JSX unless the '--jsx' flag is provided.
src/components/ApplicationDetails/ApplicationDetails.tsx(901,9): error TS17004: Cannot use JSX unless the '--jsx' flag is provided.
src/components/ApplicationDetails/ApplicationDetails.tsx(902,11): error TS17004: Cannot use JSX unless the '--jsx' flag is provided.
src/components/ApplicationDetails/ApplicationDetails.tsx(903,23): error TS17004: Cannot use JSX unless the '--jsx' flag is provided.
src/components/ApplicationDetails/ApplicationDetails.tsx(907,9): error TS17004: Cannot use JSX unless the '--jsx' flag is provided.
src/components/ApplicationDetails/ApplicationDetails.tsx(909,13): error TS17004: Cannot use JSX unless the '--jsx' flag is provided.
src/components/ApplicationDetails/ApplicationDetails.tsx(927,15): error TS17004: Cannot use JSX unless the '--jsx' flag is provided.
src/components/ApplicationDetails/ApplicationDetails.tsx(951,11): error TS17004: Cannot use JSX unless the '--jsx' flag is provided.
src/components/ApplicationDetails/ApplicationDetails.tsx(952,13): error TS17004: Cannot use JSX unless the '--jsx' flag is provided.
src/components/ApplicationDetails/ApplicationDetails.tsx(957,15): error TS17004: Cannot use JSX unless the '--jsx' flag is provided.
src/components/ApplicationDetails/ApplicationDetails.tsx(960,15): error TS17004: Cannot use JSX unless the '--jsx' flag is provided.
src/components/ApplicationDetails/ApplicationDetails.tsx(964,17): error TS17004: Cannot use JSX unless the '--jsx' flag is provided.
src/components/ApplicationDetails/ApplicationDetails.tsx(966,19): error TS17004: Cannot use JSX unless the '--jsx' flag is provided.
src/components/ApplicationDetails/ApplicationDetails.tsx(968,19): error TS17004: Cannot use JSX unless the '--jsx' flag is provided.
src/components/ApplicationDetails/ApplicationDetails.tsx(969,21): error TS17004: Cannot use JSX unless the '--jsx' flag is provided.
src/components/ApplicationDetails/ApplicationDetails.tsx(975,21): error TS17004: Cannot use JSX unless the '--jsx' flag is provided.
src/components/ApplicationDetails/ApplicationDetails.tsx(976,21): error TS17004: Cannot use JSX unless the '--jsx' flag is provided.
src/components/ApplicationDetails/ApplicationDetails.tsx(982,21): error TS17004: Cannot use JSX unless the '--jsx' flag is provided.
src/components/ApplicationDetails/ApplicationDetails.tsx(983,21): error TS17004: Cannot use JSX unless the '--jsx' flag is provided.
src/components/ApplicationDetails/ApplicationDetails.tsx(991,17): error TS17004: Cannot use JSX unless the '--jsx' flag is provided.
src/components/ApplicationDetails/ApplicationDetails.tsx(992,19): error TS17004: Cannot use JSX unless the '--jsx' flag is provided.
src/components/ApplicationDetails/ApplicationDetails.tsx(997,21): error TS17004: Cannot use JSX unless the '--jsx' flag is provided.
src/components/ApplicationDetails/ApplicationDetails.tsx(1010,23): error TS17004: Cannot use JSX unless the '--jsx' flag is provided.
src/components/ApplicationDetails/ApplicationDetails.tsx(1017,23): error TS17004: Cannot use JSX unless the '--jsx' flag is provided.
src/components/ApplicationDetails/ApplicationDetails.tsx(1019,23): error TS17004: Cannot use JSX unless the '--jsx' flag is provided.
src/components/ApplicationDetails/ApplicationDetails.tsx(1030,11): error TS17004: Cannot use JSX unless the '--jsx' flag is provided.
src/components/ApplicationDetails/ApplicationDetails.tsx(1035,13): error TS17004: Cannot use JSX unless the '--jsx' flag is provided.
src/components/ApplicationDetails/ApplicationDetails.tsx(1040,7): error TS17004: Cannot use JSX unless the '--jsx' flag is provided.
src/components/ApplicationDetails/ApplicationDetails.tsx(1042,9): error TS17004: Cannot use JSX unless the '--jsx' flag is provided.
src/components/ApplicationDetails/ApplicationDetails.tsx(1048,11): error TS17004: Cannot use JSX unless the '--jsx' flag is provided.
src/components/ApplicationDetails/ApplicationDetails.tsx(1054,13): error TS17004: Cannot use JSX unless the '--jsx' flag is provided.
src/components/ApplicationDetails/ApplicationDetails.tsx(1055,15): error TS17004: Cannot use JSX unless the '--jsx' flag is provided.
src/components/ApplicationDetails/ApplicationDetails.tsx(1058,11): error TS17004: Cannot use JSX unless the '--jsx' flag is provided.
src/components/ApplicationDetails/ApplicationDetails.tsx(1062,9): error TS17004: Cannot use JSX unless the '--jsx' flag is provided.
src/components/ApplicationDetails/ApplicationDetails.tsx(1068,11): error TS17004: Cannot use JSX unless the '--jsx' flag is provided.
src/components/ApplicationDetails/ApplicationDetails.tsx(1074,13): error TS17004: Cannot use JSX unless the '--jsx' flag is provided.
src/components/ApplicationDetails/ApplicationDetails.tsx(1075,15): error TS17004: Cannot use JSX unless the '--jsx' flag is provided.
src/components/ApplicationDetails/ApplicationDetails.tsx(1078,11): error TS17004: Cannot use JSX unless the '--jsx' flag is provided.
src/components/ApplicationDetails/ApplicationDetails.tsx(1082,9): error TS17004: Cannot use JSX unless the '--jsx' flag is provided.
src/components/ApplicationDetails/ApplicationDetails.tsx(1088,11): error TS17004: Cannot use JSX unless the '--jsx' flag is provided.
src/components/ApplicationDetails/ApplicationDetails.tsx(1094,13): error TS17004: Cannot use JSX unless the '--jsx' flag is provided.
src/components/ApplicationDetails/ApplicationDetails.tsx(1095,15): error TS17004: Cannot use JSX unless the '--jsx' flag is provided.
src/components/ApplicationDetails/ApplicationDetails.tsx(1098,11): error TS17004: Cannot use JSX unless the '--jsx' flag is provided.
src/components/ApplicationDetails/ApplicationDetails.tsx(1102,9): error TS17004: Cannot use JSX unless the '--jsx' flag is provided.
src/components/ApplicationDetails/ApplicationDetails.tsx(1108,11): error TS17004: Cannot use JSX unless the '--jsx' flag is provided.
src/components/ApplicationDetails/ApplicationDetails.tsx(1114,13): error TS17004: Cannot use JSX unless the '--jsx' flag is provided.
src/components/ApplicationDetails/ApplicationDetails.tsx(1115,15): error TS17004: Cannot use JSX unless the '--jsx' flag is provided.
src/components/ApplicationDetails/ApplicationDetails.tsx(1118,11): error TS17004: Cannot use JSX unless the '--jsx' flag is provided.
src/components/ApplicationDetails/ApplicationDetails.tsx(1124,9): error TS17004: Cannot use JSX unless the '--jsx' flag is provided.
src/components/ApplicationDetails/ApplicationDetails.tsx(1132,7): error TS17004: Cannot use JSX unless the '--jsx' flag is provided.
src/components/ApplicationDetails/ApplicationDetails.tsx(1133,9): error TS17004: Cannot use JSX unless the '--jsx' flag is provided.
src/components/ApplicationDetails/ApplicationDetails.tsx(1135,11): error TS17004: Cannot use JSX unless the '--jsx' flag is provided.
src/components/ApplicationDetails/ApplicationDetails.tsx(1137,15): error TS17004: Cannot use JSX unless the '--jsx' flag is provided.
src/components/ApplicationDetails/ApplicationDetails.tsx(1147,7): error TS17004: Cannot use JSX unless the '--jsx' flag is provided.
src/components/ApplicationDetails/ApplicationDetails.tsx(1157,7): error TS17004: Cannot use JSX unless the '--jsx' flag is provided.
src/components/ApplicationDetails/ApplicationDetails.tsx(1167,7): error TS17004: Cannot use JSX unless the '--jsx' flag is provided.
src/components/ApplicationDetails/ApplicationDetails.tsx(1178,7): error TS17004: Cannot use JSX unless the '--jsx' flag is provided.
src/components/ApplicationDetails/ApplicationDetails.tsx(1188,7): error TS17004: Cannot use JSX unless the '--jsx' flag is provided.
src/components/ApplicationDetails/ApplicationDetails.tsx(1199,7): error TS17004: Cannot use JSX unless the '--jsx' flag is provided.
src/config/api.ts(1,8): error TS1259: Module '"axios"' can only be default-imported using the 'esModuleInterop' flag
